  MyForm.cpp
c:\users\admin\documents\visual studio 2012\projects\stevo_1\stevo_1\MyForm.h(1182): warning C4244: 'argument' : conversion from 'double' to 'int', possible loss of data
c:\users\admin\documents\visual studio 2012\projects\stevo_1\stevo_1\MyForm.h(1268): warning C4244: 'argument' : conversion from 'double' to 'int', possible loss of data
c:\users\admin\documents\visual studio 2012\projects\stevo_1\stevo_1\MyForm.h(1269): warning C4244: 'argument' : conversion from 'double' to 'int', possible loss of data
c:\users\admin\documents\visual studio 2012\projects\stevo_1\stevo_1\MyForm.h(1292): warning C4244: 'argument' : conversion from 'double' to 'int', possible loss of data
c:\users\admin\documents\visual studio 2012\projects\stevo_1\stevo_1\MyForm.h(1293): warning C4244: 'argument' : conversion from 'double' to 'int', possible loss of data
c:\users\admin\documents\visual studio 2012\projects\stevo_1\stevo_1\MyForm.h(1316): warning C4244: 'argument' : conversion from 'double' to 'int', possible loss of data
c:\users\admin\documents\visual studio 2012\projects\stevo_1\stevo_1\MyForm.h(1339): warning C4244: 'argument' : conversion from 'double' to 'int', possible loss of data
c:\opencv\build\include\opencv2\core\cvstd.hpp(592): warning C4793: 'cv::String::String' : function compiled as native :
  	Found an intrinsic not supported in managed code
c:\opencv\build\include\opencv2\core\mat.inl.hpp(381): warning C4793: 'cv::Mat::Mat' : function compiled as native :
  	Found an intrinsic not supported in managed code
c:\opencv\build\include\opencv2\hal\defs.h(372): warning C4793: '`anonymous namespace'::cvRound' : function compiled as native :
  	Inline native assembly not supported in managed code
c:\opencv\build\include\opencv2\core\mat.inl.hpp(666): warning C4793: 'cv::Mat::release' : function compiled as native :
  	Found an intrinsic not supported in managed code
c:\opencv\build\include\opencv2\core\mat.inl.hpp(1703): warning C4793: 'cv::SparseMat::addref' : function compiled as native :
  	Found an intrinsic not supported in managed code
c:\opencv\build\include\opencv2\core\mat.inl.hpp(3304): warning C4793: 'cv::UMat::addref' : function compiled as native :
  	Found an intrinsic not supported in managed code
c:\opencv\build\include\opencv2\core\ptr.inl.hpp(67): warning C4793: 'cv::detail::PtrOwner::incRef' : function compiled as native :
  	Found an intrinsic not supported in managed code
c:\opencv\build\include\opencv2\core\ptr.inl.hpp(72): warning C4793: 'cv::detail::PtrOwner::decRef' : function compiled as native :
  	Found an intrinsic not supported in managed code
c:\opencv\build\include\opencv2\core\mat.inl.hpp(565): warning C4793: 'cv::Mat::operator=' : function compiled as native :
  	Found an intrinsic not supported in managed code
opencv_ts300d.lib(ts.obj) : warning LNK4099: PDB 'opencv_ts300d.pdb' was not found with 'opencv_ts300d.lib(ts.obj)' or at 'C:\Users\Admin\documents\visual studio 2012\Projects\STevo_1\Debug\opencv_ts300d.pdb'; linking object as if no debug info
opencv_ts300d.lib(ts_gtest.obj) : warning LNK4099: PDB 'opencv_ts300d.pdb' was not found with 'opencv_ts300d.lib(ts_gtest.obj)' or at 'C:\Users\Admin\documents\visual studio 2012\Projects\STevo_1\Debug\opencv_ts300d.pdb'; linking object as if no debug info
opencv_ts300d.lib(ts_perf.obj) : warning LNK4099: PDB 'opencv_ts300d.pdb' was not found with 'opencv_ts300d.lib(ts_perf.obj)' or at 'C:\Users\Admin\documents\visual studio 2012\Projects\STevo_1\Debug\opencv_ts300d.pdb'; linking object as if no debug info
opencv_ts300d.lib(opencv_ts_pch.obj) : warning LNK4099: PDB 'opencv_ts300d.pdb' was not found with 'opencv_ts300d.lib(opencv_ts_pch.obj)' or at 'C:\Users\Admin\documents\visual studio 2012\Projects\STevo_1\Debug\opencv_ts300d.pdb'; linking object as if no debug info
  STevo_1.vcxproj -> C:\Users\Admin\documents\visual studio 2012\Projects\STevo_1\Debug\STevo_1.exe
