C:\USERS\ADMIN\DOCUMENTS\VISUAL STUDIO 2012\PROJECTS\STEVO_1\STEVO_1\DEBUG\.NETFRAMEWORK,VERSION=V4.5.ASSEMBLYATTRIBUTES.OBJ
C:\USERS\ADMIN\DOCUMENTS\VISUAL STUDIO 2012\PROJECTS\STEVO_1\STEVO_1\DEBUG\VC110.PDB
C:\USERS\ADMIN\DOCUMENTS\VISUAL STUDIO 2012\PROJECTS\STEVO_1\STEVO_1\DEBUG\MYFORM.OBJ
C:\USERS\ADMIN\DOCUMENTS\VISUAL STUDIO 2012\PROJECTS\STEVO_1\DEBUG\STEVO_1.ILK
C:\USERS\ADMIN\DOCUMENTS\VISUAL STUDIO 2012\PROJECTS\STEVO_1\DEBUG\STEVO_1.EXE
C:\USERS\ADMIN\DOCUMENTS\VISUAL STUDIO 2012\PROJECTS\STEVO_1\DEBUG\STEVO_1.PDB
c:\Users\Admin\documents\visual studio 2012\Projects\STevo_1\STevo_1\Debug\STevo_1.MyForm.resources
C:\Users\Admin\documents\visual studio 2012\Projects\STevo_1\STevo_1\Debug\STevo_1.MyForm.resources
C:\Users\Admin\documents\visual studio 2012\Projects\STevo_1\STevo_1\Debug\STevo_1.vcxproj.GenerateResource.Cache
C:\Users\Admin\documents\visual studio 2012\Projects\STevo_1\STevo_1\Debug\STevo_1.vcxprojResolveAssemblyReference.cache
C:\Users\Admin\documents\visual studio 2012\Projects\STevo_1\STevo_1\Debug\.NETFramework,Version=v4.5.AssemblyAttributes.obj
C:\Users\Admin\documents\visual studio 2012\Projects\STevo_1\STevo_1\Debug\MyForm.obj
C:\Users\Admin\documents\visual studio 2012\Projects\STevo_1\STevo_1\Debug\cl.command.1.tlog
C:\Users\Admin\documents\visual studio 2012\Projects\STevo_1\STevo_1\Debug\CL.read.1.tlog
C:\Users\Admin\documents\visual studio 2012\Projects\STevo_1\STevo_1\Debug\CL.write.1.tlog
C:\Users\Admin\documents\visual studio 2012\Projects\STevo_1\STevo_1\Debug\link.1032-cvtres.read.1.tlog
C:\Users\Admin\documents\visual studio 2012\Projects\STevo_1\STevo_1\Debug\link.1032-cvtres.write.1.tlog
C:\Users\Admin\documents\visual studio 2012\Projects\STevo_1\STevo_1\Debug\link.1032-rc.read.1.tlog
C:\Users\Admin\documents\visual studio 2012\Projects\STevo_1\STevo_1\Debug\link.1032-rc.write.1.tlog
C:\Users\Admin\documents\visual studio 2012\Projects\STevo_1\STevo_1\Debug\link.1032.read.1.tlog
C:\Users\Admin\documents\visual studio 2012\Projects\STevo_1\STevo_1\Debug\link.1032.read.2.tlog
C:\Users\Admin\documents\visual studio 2012\Projects\STevo_1\STevo_1\Debug\link.1032.write.1.tlog
C:\Users\Admin\documents\visual studio 2012\Projects\STevo_1\STevo_1\Debug\link.1120-cvtres.read.1.tlog
C:\Users\Admin\documents\visual studio 2012\Projects\STevo_1\STevo_1\Debug\link.1120-cvtres.write.1.tlog
C:\Users\Admin\documents\visual studio 2012\Projects\STevo_1\STevo_1\Debug\link.1120-rc.read.1.tlog
C:\Users\Admin\documents\visual studio 2012\Projects\STevo_1\STevo_1\Debug\link.1120-rc.write.1.tlog
C:\Users\Admin\documents\visual studio 2012\Projects\STevo_1\STevo_1\Debug\link.1120.read.1.tlog
C:\Users\Admin\documents\visual studio 2012\Projects\STevo_1\STevo_1\Debug\link.1120.read.2.tlog
C:\Users\Admin\documents\visual studio 2012\Projects\STevo_1\STevo_1\Debug\link.1120.write.1.tlog
C:\Users\Admin\documents\visual studio 2012\Projects\STevo_1\STevo_1\Debug\link.1192-cvtres.read.1.tlog
C:\Users\Admin\documents\visual studio 2012\Projects\STevo_1\STevo_1\Debug\link.1192-cvtres.write.1.tlog
C:\Users\Admin\documents\visual studio 2012\Projects\STevo_1\STevo_1\Debug\link.1192-rc.read.1.tlog
C:\Users\Admin\documents\visual studio 2012\Projects\STevo_1\STevo_1\Debug\link.1192-rc.write.1.tlog
C:\Users\Admin\documents\visual studio 2012\Projects\STevo_1\STevo_1\Debug\link.1192.read.1.tlog
C:\Users\Admin\documents\visual studio 2012\Projects\STevo_1\STevo_1\Debug\link.1192.read.2.tlog
C:\Users\Admin\documents\visual studio 2012\Projects\STevo_1\STevo_1\Debug\link.1192.write.1.tlog
C:\Users\Admin\documents\visual studio 2012\Projects\STevo_1\STevo_1\Debug\link.1440-cvtres.read.1.tlog
C:\Users\Admin\documents\visual studio 2012\Projects\STevo_1\STevo_1\Debug\link.1440-cvtres.write.1.tlog
C:\Users\Admin\documents\visual studio 2012\Projects\STevo_1\STevo_1\Debug\link.1440-rc.read.1.tlog
C:\Users\Admin\documents\visual studio 2012\Projects\STevo_1\STevo_1\Debug\link.1440-rc.write.1.tlog
C:\Users\Admin\documents\visual studio 2012\Projects\STevo_1\STevo_1\Debug\link.1440.read.1.tlog
C:\Users\Admin\documents\visual studio 2012\Projects\STevo_1\STevo_1\Debug\link.1440.read.2.tlog
C:\Users\Admin\documents\visual studio 2012\Projects\STevo_1\STevo_1\Debug\link.1440.write.1.tlog
C:\Users\Admin\documents\visual studio 2012\Projects\STevo_1\STevo_1\Debug\link.1572-cvtres.read.1.tlog
C:\Users\Admin\documents\visual studio 2012\Projects\STevo_1\STevo_1\Debug\link.1572-cvtres.write.1.tlog
C:\Users\Admin\documents\visual studio 2012\Projects\STevo_1\STevo_1\Debug\link.1572-rc.read.1.tlog
C:\Users\Admin\documents\visual studio 2012\Projects\STevo_1\STevo_1\Debug\link.1572-rc.write.1.tlog
C:\Users\Admin\documents\visual studio 2012\Projects\STevo_1\STevo_1\Debug\link.1572.read.1.tlog
C:\Users\Admin\documents\visual studio 2012\Projects\STevo_1\STevo_1\Debug\link.1572.read.2.tlog
C:\Users\Admin\documents\visual studio 2012\Projects\STevo_1\STevo_1\Debug\link.1572.write.1.tlog
C:\Users\Admin\documents\visual studio 2012\Projects\STevo_1\STevo_1\Debug\link.1636-cvtres.read.1.tlog
C:\Users\Admin\documents\visual studio 2012\Projects\STevo_1\STevo_1\Debug\link.1636-cvtres.write.1.tlog
C:\Users\Admin\documents\visual studio 2012\Projects\STevo_1\STevo_1\Debug\link.1636-rc.read.1.tlog
C:\Users\Admin\documents\visual studio 2012\Projects\STevo_1\STevo_1\Debug\link.1636-rc.write.1.tlog
C:\Users\Admin\documents\visual studio 2012\Projects\STevo_1\STevo_1\Debug\link.1636.read.1.tlog
C:\Users\Admin\documents\visual studio 2012\Projects\STevo_1\STevo_1\Debug\link.1636.read.2.tlog
C:\Users\Admin\documents\visual studio 2012\Projects\STevo_1\STevo_1\Debug\link.1636.write.1.tlog
C:\Users\Admin\documents\visual studio 2012\Projects\STevo_1\STevo_1\Debug\link.1648-cvtres.read.1.tlog
C:\Users\Admin\documents\visual studio 2012\Projects\STevo_1\STevo_1\Debug\link.1648-cvtres.write.1.tlog
C:\Users\Admin\documents\visual studio 2012\Projects\STevo_1\STevo_1\Debug\link.1648-rc.read.1.tlog
C:\Users\Admin\documents\visual studio 2012\Projects\STevo_1\STevo_1\Debug\link.1648-rc.write.1.tlog
C:\Users\Admin\documents\visual studio 2012\Projects\STevo_1\STevo_1\Debug\link.1648.read.1.tlog
C:\Users\Admin\documents\visual studio 2012\Projects\STevo_1\STevo_1\Debug\link.1648.read.2.tlog
C:\Users\Admin\documents\visual studio 2012\Projects\STevo_1\STevo_1\Debug\link.1648.write.1.tlog
C:\Users\Admin\documents\visual studio 2012\Projects\STevo_1\STevo_1\Debug\link.1688-cvtres.read.1.tlog
C:\Users\Admin\documents\visual studio 2012\Projects\STevo_1\STevo_1\Debug\link.1688-cvtres.write.1.tlog
C:\Users\Admin\documents\visual studio 2012\Projects\STevo_1\STevo_1\Debug\link.1688-rc.read.1.tlog
C:\Users\Admin\documents\visual studio 2012\Projects\STevo_1\STevo_1\Debug\link.1688-rc.write.1.tlog
C:\Users\Admin\documents\visual studio 2012\Projects\STevo_1\STevo_1\Debug\link.1688.read.1.tlog
C:\Users\Admin\documents\visual studio 2012\Projects\STevo_1\STevo_1\Debug\link.1688.read.2.tlog
C:\Users\Admin\documents\visual studio 2012\Projects\STevo_1\STevo_1\Debug\link.1688.write.1.tlog
C:\Users\Admin\documents\visual studio 2012\Projects\STevo_1\STevo_1\Debug\link.1776-cvtres.read.1.tlog
C:\Users\Admin\documents\visual studio 2012\Projects\STevo_1\STevo_1\Debug\link.1776-cvtres.write.1.tlog
C:\Users\Admin\documents\visual studio 2012\Projects\STevo_1\STevo_1\Debug\link.1776-rc.read.1.tlog
C:\Users\Admin\documents\visual studio 2012\Projects\STevo_1\STevo_1\Debug\link.1776-rc.write.1.tlog
C:\Users\Admin\documents\visual studio 2012\Projects\STevo_1\STevo_1\Debug\link.1776.read.1.tlog
C:\Users\Admin\documents\visual studio 2012\Projects\STevo_1\STevo_1\Debug\link.1776.read.2.tlog
C:\Users\Admin\documents\visual studio 2012\Projects\STevo_1\STevo_1\Debug\link.1776.write.1.tlog
C:\Users\Admin\documents\visual studio 2012\Projects\STevo_1\STevo_1\Debug\link.1840-cvtres.read.1.tlog
C:\Users\Admin\documents\visual studio 2012\Projects\STevo_1\STevo_1\Debug\link.1840-cvtres.write.1.tlog
C:\Users\Admin\documents\visual studio 2012\Projects\STevo_1\STevo_1\Debug\link.1840-rc.read.1.tlog
C:\Users\Admin\documents\visual studio 2012\Projects\STevo_1\STevo_1\Debug\link.1840-rc.write.1.tlog
C:\Users\Admin\documents\visual studio 2012\Projects\STevo_1\STevo_1\Debug\link.1840.read.1.tlog
C:\Users\Admin\documents\visual studio 2012\Projects\STevo_1\STevo_1\Debug\link.1840.read.2.tlog
C:\Users\Admin\documents\visual studio 2012\Projects\STevo_1\STevo_1\Debug\link.1840.write.1.tlog
C:\Users\Admin\documents\visual studio 2012\Projects\STevo_1\STevo_1\Debug\link.1924-cvtres.read.1.tlog
C:\Users\Admin\documents\visual studio 2012\Projects\STevo_1\STevo_1\Debug\link.1924-cvtres.write.1.tlog
C:\Users\Admin\documents\visual studio 2012\Projects\STevo_1\STevo_1\Debug\link.1924-rc.read.1.tlog
C:\Users\Admin\documents\visual studio 2012\Projects\STevo_1\STevo_1\Debug\link.1924-rc.write.1.tlog
C:\Users\Admin\documents\visual studio 2012\Projects\STevo_1\STevo_1\Debug\link.1924.read.1.tlog
C:\Users\Admin\documents\visual studio 2012\Projects\STevo_1\STevo_1\Debug\link.1924.read.2.tlog
C:\Users\Admin\documents\visual studio 2012\Projects\STevo_1\STevo_1\Debug\link.1924.write.1.tlog
C:\Users\Admin\documents\visual studio 2012\Projects\STevo_1\STevo_1\Debug\link.1984-cvtres.read.1.tlog
C:\Users\Admin\documents\visual studio 2012\Projects\STevo_1\STevo_1\Debug\link.1984-cvtres.write.1.tlog
C:\Users\Admin\documents\visual studio 2012\Projects\STevo_1\STevo_1\Debug\link.1984-rc.read.1.tlog
C:\Users\Admin\documents\visual studio 2012\Projects\STevo_1\STevo_1\Debug\link.1984-rc.write.1.tlog
C:\Users\Admin\documents\visual studio 2012\Projects\STevo_1\STevo_1\Debug\link.1984.read.1.tlog
C:\Users\Admin\documents\visual studio 2012\Projects\STevo_1\STevo_1\Debug\link.1984.read.2.tlog
C:\Users\Admin\documents\visual studio 2012\Projects\STevo_1\STevo_1\Debug\link.1984.write.1.tlog
C:\Users\Admin\documents\visual studio 2012\Projects\STevo_1\STevo_1\Debug\link.2008-cvtres.read.1.tlog
C:\Users\Admin\documents\visual studio 2012\Projects\STevo_1\STevo_1\Debug\link.2008-cvtres.write.1.tlog
C:\Users\Admin\documents\visual studio 2012\Projects\STevo_1\STevo_1\Debug\link.2008-rc.read.1.tlog
C:\Users\Admin\documents\visual studio 2012\Projects\STevo_1\STevo_1\Debug\link.2008-rc.write.1.tlog
C:\Users\Admin\documents\visual studio 2012\Projects\STevo_1\STevo_1\Debug\link.2008.read.1.tlog
C:\Users\Admin\documents\visual studio 2012\Projects\STevo_1\STevo_1\Debug\link.2008.read.2.tlog
C:\Users\Admin\documents\visual studio 2012\Projects\STevo_1\STevo_1\Debug\link.2008.write.1.tlog
C:\Users\Admin\documents\visual studio 2012\Projects\STevo_1\STevo_1\Debug\link.2024-cvtres.read.1.tlog
C:\Users\Admin\documents\visual studio 2012\Projects\STevo_1\STevo_1\Debug\link.2024-cvtres.write.1.tlog
C:\Users\Admin\documents\visual studio 2012\Projects\STevo_1\STevo_1\Debug\link.2024-rc.read.1.tlog
C:\Users\Admin\documents\visual studio 2012\Projects\STevo_1\STevo_1\Debug\link.2024-rc.write.1.tlog
C:\Users\Admin\documents\visual studio 2012\Projects\STevo_1\STevo_1\Debug\link.2024.read.1.tlog
C:\Users\Admin\documents\visual studio 2012\Projects\STevo_1\STevo_1\Debug\link.2024.read.2.tlog
C:\Users\Admin\documents\visual studio 2012\Projects\STevo_1\STevo_1\Debug\link.2024.write.1.tlog
C:\Users\Admin\documents\visual studio 2012\Projects\STevo_1\STevo_1\Debug\link.2232-cvtres.read.1.tlog
C:\Users\Admin\documents\visual studio 2012\Projects\STevo_1\STevo_1\Debug\link.2232-cvtres.write.1.tlog
C:\Users\Admin\documents\visual studio 2012\Projects\STevo_1\STevo_1\Debug\link.2232-rc.read.1.tlog
C:\Users\Admin\documents\visual studio 2012\Projects\STevo_1\STevo_1\Debug\link.2232-rc.write.1.tlog
C:\Users\Admin\documents\visual studio 2012\Projects\STevo_1\STevo_1\Debug\link.2232.read.1.tlog
C:\Users\Admin\documents\visual studio 2012\Projects\STevo_1\STevo_1\Debug\link.2232.read.2.tlog
C:\Users\Admin\documents\visual studio 2012\Projects\STevo_1\STevo_1\Debug\link.2232.write.1.tlog
C:\Users\Admin\documents\visual studio 2012\Projects\STevo_1\STevo_1\Debug\link.2484-cvtres.read.1.tlog
C:\Users\Admin\documents\visual studio 2012\Projects\STevo_1\STevo_1\Debug\link.2484-cvtres.write.1.tlog
C:\Users\Admin\documents\visual studio 2012\Projects\STevo_1\STevo_1\Debug\link.2484-rc.read.1.tlog
C:\Users\Admin\documents\visual studio 2012\Projects\STevo_1\STevo_1\Debug\link.2484-rc.write.1.tlog
C:\Users\Admin\documents\visual studio 2012\Projects\STevo_1\STevo_1\Debug\link.2484.read.1.tlog
C:\Users\Admin\documents\visual studio 2012\Projects\STevo_1\STevo_1\Debug\link.2484.read.2.tlog
C:\Users\Admin\documents\visual studio 2012\Projects\STevo_1\STevo_1\Debug\link.2484.write.1.tlog
C:\Users\Admin\documents\visual studio 2012\Projects\STevo_1\STevo_1\Debug\link.2576-cvtres.read.1.tlog
C:\Users\Admin\documents\visual studio 2012\Projects\STevo_1\STevo_1\Debug\link.2576-cvtres.write.1.tlog
C:\Users\Admin\documents\visual studio 2012\Projects\STevo_1\STevo_1\Debug\link.2576-rc.read.1.tlog
C:\Users\Admin\documents\visual studio 2012\Projects\STevo_1\STevo_1\Debug\link.2576-rc.write.1.tlog
C:\Users\Admin\documents\visual studio 2012\Projects\STevo_1\STevo_1\Debug\link.2576.read.1.tlog
C:\Users\Admin\documents\visual studio 2012\Projects\STevo_1\STevo_1\Debug\link.2576.read.2.tlog
C:\Users\Admin\documents\visual studio 2012\Projects\STevo_1\STevo_1\Debug\link.2576.write.1.tlog
C:\Users\Admin\documents\visual studio 2012\Projects\STevo_1\STevo_1\Debug\link.2616-cvtres.read.1.tlog
C:\Users\Admin\documents\visual studio 2012\Projects\STevo_1\STevo_1\Debug\link.2616-cvtres.write.1.tlog
C:\Users\Admin\documents\visual studio 2012\Projects\STevo_1\STevo_1\Debug\link.2616-rc.read.1.tlog
C:\Users\Admin\documents\visual studio 2012\Projects\STevo_1\STevo_1\Debug\link.2616-rc.write.1.tlog
C:\Users\Admin\documents\visual studio 2012\Projects\STevo_1\STevo_1\Debug\link.2616.read.1.tlog
C:\Users\Admin\documents\visual studio 2012\Projects\STevo_1\STevo_1\Debug\link.2616.read.2.tlog
C:\Users\Admin\documents\visual studio 2012\Projects\STevo_1\STevo_1\Debug\link.2616.write.1.tlog
C:\Users\Admin\documents\visual studio 2012\Projects\STevo_1\STevo_1\Debug\link.2656-cvtres.read.1.tlog
C:\Users\Admin\documents\visual studio 2012\Projects\STevo_1\STevo_1\Debug\link.2656-cvtres.write.1.tlog
C:\Users\Admin\documents\visual studio 2012\Projects\STevo_1\STevo_1\Debug\link.2656-rc.read.1.tlog
C:\Users\Admin\documents\visual studio 2012\Projects\STevo_1\STevo_1\Debug\link.2656-rc.write.1.tlog
C:\Users\Admin\documents\visual studio 2012\Projects\STevo_1\STevo_1\Debug\link.2656.read.1.tlog
C:\Users\Admin\documents\visual studio 2012\Projects\STevo_1\STevo_1\Debug\link.2656.read.2.tlog
C:\Users\Admin\documents\visual studio 2012\Projects\STevo_1\STevo_1\Debug\link.2656.write.1.tlog
C:\Users\Admin\documents\visual studio 2012\Projects\STevo_1\STevo_1\Debug\link.2712-cvtres.read.1.tlog
C:\Users\Admin\documents\visual studio 2012\Projects\STevo_1\STevo_1\Debug\link.2712-cvtres.write.1.tlog
C:\Users\Admin\documents\visual studio 2012\Projects\STevo_1\STevo_1\Debug\link.2712-rc.read.1.tlog
C:\Users\Admin\documents\visual studio 2012\Projects\STevo_1\STevo_1\Debug\link.2712-rc.write.1.tlog
C:\Users\Admin\documents\visual studio 2012\Projects\STevo_1\STevo_1\Debug\link.2712.read.1.tlog
C:\Users\Admin\documents\visual studio 2012\Projects\STevo_1\STevo_1\Debug\link.2712.read.2.tlog
C:\Users\Admin\documents\visual studio 2012\Projects\STevo_1\STevo_1\Debug\link.2712.write.1.tlog
C:\Users\Admin\documents\visual studio 2012\Projects\STevo_1\STevo_1\Debug\link.2772-cvtres.read.1.tlog
C:\Users\Admin\documents\visual studio 2012\Projects\STevo_1\STevo_1\Debug\link.2772-cvtres.write.1.tlog
C:\Users\Admin\documents\visual studio 2012\Projects\STevo_1\STevo_1\Debug\link.2772-rc.read.1.tlog
C:\Users\Admin\documents\visual studio 2012\Projects\STevo_1\STevo_1\Debug\link.2772-rc.write.1.tlog
C:\Users\Admin\documents\visual studio 2012\Projects\STevo_1\STevo_1\Debug\link.2772.read.1.tlog
C:\Users\Admin\documents\visual studio 2012\Projects\STevo_1\STevo_1\Debug\link.2772.read.2.tlog
C:\Users\Admin\documents\visual studio 2012\Projects\STevo_1\STevo_1\Debug\link.2772.write.1.tlog
C:\Users\Admin\documents\visual studio 2012\Projects\STevo_1\STevo_1\Debug\link.2788-cvtres.read.1.tlog
C:\Users\Admin\documents\visual studio 2012\Projects\STevo_1\STevo_1\Debug\link.2788-cvtres.write.1.tlog
C:\Users\Admin\documents\visual studio 2012\Projects\STevo_1\STevo_1\Debug\link.2788-rc.read.1.tlog
C:\Users\Admin\documents\visual studio 2012\Projects\STevo_1\STevo_1\Debug\link.2788-rc.write.1.tlog
C:\Users\Admin\documents\visual studio 2012\Projects\STevo_1\STevo_1\Debug\link.2788.read.1.tlog
C:\Users\Admin\documents\visual studio 2012\Projects\STevo_1\STevo_1\Debug\link.2788.read.2.tlog
C:\Users\Admin\documents\visual studio 2012\Projects\STevo_1\STevo_1\Debug\link.2788.write.1.tlog
C:\Users\Admin\documents\visual studio 2012\Projects\STevo_1\STevo_1\Debug\link.3080-cvtres.read.1.tlog
C:\Users\Admin\documents\visual studio 2012\Projects\STevo_1\STevo_1\Debug\link.3080-cvtres.write.1.tlog
C:\Users\Admin\documents\visual studio 2012\Projects\STevo_1\STevo_1\Debug\link.3080-rc.read.1.tlog
C:\Users\Admin\documents\visual studio 2012\Projects\STevo_1\STevo_1\Debug\link.3080-rc.write.1.tlog
C:\Users\Admin\documents\visual studio 2012\Projects\STevo_1\STevo_1\Debug\link.3080.read.1.tlog
C:\Users\Admin\documents\visual studio 2012\Projects\STevo_1\STevo_1\Debug\link.3080.read.2.tlog
C:\Users\Admin\documents\visual studio 2012\Projects\STevo_1\STevo_1\Debug\link.3080.write.1.tlog
C:\Users\Admin\documents\visual studio 2012\Projects\STevo_1\STevo_1\Debug\link.3220-cvtres.read.1.tlog
C:\Users\Admin\documents\visual studio 2012\Projects\STevo_1\STevo_1\Debug\link.3220-cvtres.write.1.tlog
C:\Users\Admin\documents\visual studio 2012\Projects\STevo_1\STevo_1\Debug\link.3220-rc.read.1.tlog
C:\Users\Admin\documents\visual studio 2012\Projects\STevo_1\STevo_1\Debug\link.3220-rc.write.1.tlog
C:\Users\Admin\documents\visual studio 2012\Projects\STevo_1\STevo_1\Debug\link.3220.read.1.tlog
C:\Users\Admin\documents\visual studio 2012\Projects\STevo_1\STevo_1\Debug\link.3220.read.2.tlog
C:\Users\Admin\documents\visual studio 2012\Projects\STevo_1\STevo_1\Debug\link.3220.write.1.tlog
C:\Users\Admin\documents\visual studio 2012\Projects\STevo_1\STevo_1\Debug\link.3440-cvtres.read.1.tlog
C:\Users\Admin\documents\visual studio 2012\Projects\STevo_1\STevo_1\Debug\link.3440-cvtres.write.1.tlog
C:\Users\Admin\documents\visual studio 2012\Projects\STevo_1\STevo_1\Debug\link.3440-rc.read.1.tlog
C:\Users\Admin\documents\visual studio 2012\Projects\STevo_1\STevo_1\Debug\link.3440-rc.write.1.tlog
C:\Users\Admin\documents\visual studio 2012\Projects\STevo_1\STevo_1\Debug\link.3440.read.1.tlog
C:\Users\Admin\documents\visual studio 2012\Projects\STevo_1\STevo_1\Debug\link.3440.read.2.tlog
C:\Users\Admin\documents\visual studio 2012\Projects\STevo_1\STevo_1\Debug\link.3440.write.1.tlog
C:\Users\Admin\documents\visual studio 2012\Projects\STevo_1\STevo_1\Debug\link.3456-cvtres.read.1.tlog
C:\Users\Admin\documents\visual studio 2012\Projects\STevo_1\STevo_1\Debug\link.3456-cvtres.write.1.tlog
C:\Users\Admin\documents\visual studio 2012\Projects\STevo_1\STevo_1\Debug\link.3456-rc.read.1.tlog
C:\Users\Admin\documents\visual studio 2012\Projects\STevo_1\STevo_1\Debug\link.3456-rc.write.1.tlog
C:\Users\Admin\documents\visual studio 2012\Projects\STevo_1\STevo_1\Debug\link.3456.read.1.tlog
C:\Users\Admin\documents\visual studio 2012\Projects\STevo_1\STevo_1\Debug\link.3456.read.2.tlog
C:\Users\Admin\documents\visual studio 2012\Projects\STevo_1\STevo_1\Debug\link.3456.write.1.tlog
C:\Users\Admin\documents\visual studio 2012\Projects\STevo_1\STevo_1\Debug\link.3648-cvtres.read.1.tlog
C:\Users\Admin\documents\visual studio 2012\Projects\STevo_1\STevo_1\Debug\link.3648-cvtres.write.1.tlog
C:\Users\Admin\documents\visual studio 2012\Projects\STevo_1\STevo_1\Debug\link.3648-rc.read.1.tlog
C:\Users\Admin\documents\visual studio 2012\Projects\STevo_1\STevo_1\Debug\link.3648-rc.write.1.tlog
C:\Users\Admin\documents\visual studio 2012\Projects\STevo_1\STevo_1\Debug\link.3648.read.1.tlog
C:\Users\Admin\documents\visual studio 2012\Projects\STevo_1\STevo_1\Debug\link.3648.read.2.tlog
C:\Users\Admin\documents\visual studio 2012\Projects\STevo_1\STevo_1\Debug\link.3648.write.1.tlog
C:\Users\Admin\documents\visual studio 2012\Projects\STevo_1\STevo_1\Debug\link.3740-cvtres.read.1.tlog
C:\Users\Admin\documents\visual studio 2012\Projects\STevo_1\STevo_1\Debug\link.3740-cvtres.write.1.tlog
C:\Users\Admin\documents\visual studio 2012\Projects\STevo_1\STevo_1\Debug\link.3740-rc.read.1.tlog
C:\Users\Admin\documents\visual studio 2012\Projects\STevo_1\STevo_1\Debug\link.3740-rc.write.1.tlog
C:\Users\Admin\documents\visual studio 2012\Projects\STevo_1\STevo_1\Debug\link.3740.read.1.tlog
C:\Users\Admin\documents\visual studio 2012\Projects\STevo_1\STevo_1\Debug\link.3740.read.2.tlog
C:\Users\Admin\documents\visual studio 2012\Projects\STevo_1\STevo_1\Debug\link.3740.write.1.tlog
C:\Users\Admin\documents\visual studio 2012\Projects\STevo_1\STevo_1\Debug\link.3820-cvtres.read.1.tlog
C:\Users\Admin\documents\visual studio 2012\Projects\STevo_1\STevo_1\Debug\link.3820-cvtres.write.1.tlog
C:\Users\Admin\documents\visual studio 2012\Projects\STevo_1\STevo_1\Debug\link.3820-rc.read.1.tlog
C:\Users\Admin\documents\visual studio 2012\Projects\STevo_1\STevo_1\Debug\link.3820-rc.write.1.tlog
C:\Users\Admin\documents\visual studio 2012\Projects\STevo_1\STevo_1\Debug\link.3820.read.1.tlog
C:\Users\Admin\documents\visual studio 2012\Projects\STevo_1\STevo_1\Debug\link.3820.read.2.tlog
C:\Users\Admin\documents\visual studio 2012\Projects\STevo_1\STevo_1\Debug\link.3820.write.1.tlog
C:\Users\Admin\documents\visual studio 2012\Projects\STevo_1\STevo_1\Debug\link.3920-cvtres.read.1.tlog
C:\Users\Admin\documents\visual studio 2012\Projects\STevo_1\STevo_1\Debug\link.3920-cvtres.write.1.tlog
C:\Users\Admin\documents\visual studio 2012\Projects\STevo_1\STevo_1\Debug\link.3920-rc.read.1.tlog
C:\Users\Admin\documents\visual studio 2012\Projects\STevo_1\STevo_1\Debug\link.3920-rc.write.1.tlog
C:\Users\Admin\documents\visual studio 2012\Projects\STevo_1\STevo_1\Debug\link.3920.read.1.tlog
C:\Users\Admin\documents\visual studio 2012\Projects\STevo_1\STevo_1\Debug\link.3920.read.2.tlog
C:\Users\Admin\documents\visual studio 2012\Projects\STevo_1\STevo_1\Debug\link.3920.write.1.tlog
C:\Users\Admin\documents\visual studio 2012\Projects\STevo_1\STevo_1\Debug\link.3936-cvtres.read.1.tlog
C:\Users\Admin\documents\visual studio 2012\Projects\STevo_1\STevo_1\Debug\link.3936-cvtres.write.1.tlog
C:\Users\Admin\documents\visual studio 2012\Projects\STevo_1\STevo_1\Debug\link.3936-rc.read.1.tlog
C:\Users\Admin\documents\visual studio 2012\Projects\STevo_1\STevo_1\Debug\link.3936-rc.write.1.tlog
C:\Users\Admin\documents\visual studio 2012\Projects\STevo_1\STevo_1\Debug\link.3936.read.1.tlog
C:\Users\Admin\documents\visual studio 2012\Projects\STevo_1\STevo_1\Debug\link.3936.read.2.tlog
C:\Users\Admin\documents\visual studio 2012\Projects\STevo_1\STevo_1\Debug\link.3936.write.1.tlog
C:\Users\Admin\documents\visual studio 2012\Projects\STevo_1\STevo_1\Debug\link.4108-cvtres.read.1.tlog
C:\Users\Admin\documents\visual studio 2012\Projects\STevo_1\STevo_1\Debug\link.4108-cvtres.write.1.tlog
C:\Users\Admin\documents\visual studio 2012\Projects\STevo_1\STevo_1\Debug\link.4108-rc.read.1.tlog
C:\Users\Admin\documents\visual studio 2012\Projects\STevo_1\STevo_1\Debug\link.4108-rc.write.1.tlog
C:\Users\Admin\documents\visual studio 2012\Projects\STevo_1\STevo_1\Debug\link.4108.read.1.tlog
C:\Users\Admin\documents\visual studio 2012\Projects\STevo_1\STevo_1\Debug\link.4108.read.2.tlog
C:\Users\Admin\documents\visual studio 2012\Projects\STevo_1\STevo_1\Debug\link.4108.write.1.tlog
C:\Users\Admin\documents\visual studio 2012\Projects\STevo_1\STevo_1\Debug\link.4328-cvtres.read.1.tlog
C:\Users\Admin\documents\visual studio 2012\Projects\STevo_1\STevo_1\Debug\link.4328-cvtres.write.1.tlog
C:\Users\Admin\documents\visual studio 2012\Projects\STevo_1\STevo_1\Debug\link.4328-rc.read.1.tlog
C:\Users\Admin\documents\visual studio 2012\Projects\STevo_1\STevo_1\Debug\link.4328-rc.write.1.tlog
C:\Users\Admin\documents\visual studio 2012\Projects\STevo_1\STevo_1\Debug\link.4328.read.1.tlog
C:\Users\Admin\documents\visual studio 2012\Projects\STevo_1\STevo_1\Debug\link.4328.read.2.tlog
C:\Users\Admin\documents\visual studio 2012\Projects\STevo_1\STevo_1\Debug\link.4328.write.1.tlog
C:\Users\Admin\documents\visual studio 2012\Projects\STevo_1\STevo_1\Debug\link.4588-cvtres.read.1.tlog
C:\Users\Admin\documents\visual studio 2012\Projects\STevo_1\STevo_1\Debug\link.4588-cvtres.write.1.tlog
C:\Users\Admin\documents\visual studio 2012\Projects\STevo_1\STevo_1\Debug\link.4588-rc.read.1.tlog
C:\Users\Admin\documents\visual studio 2012\Projects\STevo_1\STevo_1\Debug\link.4588-rc.write.1.tlog
C:\Users\Admin\documents\visual studio 2012\Projects\STevo_1\STevo_1\Debug\link.4588.read.1.tlog
C:\Users\Admin\documents\visual studio 2012\Projects\STevo_1\STevo_1\Debug\link.4588.read.2.tlog
C:\Users\Admin\documents\visual studio 2012\Projects\STevo_1\STevo_1\Debug\link.4588.write.1.tlog
C:\Users\Admin\documents\visual studio 2012\Projects\STevo_1\STevo_1\Debug\link.4620-cvtres.read.1.tlog
C:\Users\Admin\documents\visual studio 2012\Projects\STevo_1\STevo_1\Debug\link.4620-cvtres.write.1.tlog
C:\Users\Admin\documents\visual studio 2012\Projects\STevo_1\STevo_1\Debug\link.4620-rc.read.1.tlog
C:\Users\Admin\documents\visual studio 2012\Projects\STevo_1\STevo_1\Debug\link.4620-rc.write.1.tlog
C:\Users\Admin\documents\visual studio 2012\Projects\STevo_1\STevo_1\Debug\link.4620.read.1.tlog
C:\Users\Admin\documents\visual studio 2012\Projects\STevo_1\STevo_1\Debug\link.4620.read.2.tlog
C:\Users\Admin\documents\visual studio 2012\Projects\STevo_1\STevo_1\Debug\link.4620.write.1.tlog
C:\Users\Admin\documents\visual studio 2012\Projects\STevo_1\STevo_1\Debug\link.4724-cvtres.read.1.tlog
C:\Users\Admin\documents\visual studio 2012\Projects\STevo_1\STevo_1\Debug\link.4724-cvtres.write.1.tlog
C:\Users\Admin\documents\visual studio 2012\Projects\STevo_1\STevo_1\Debug\link.4724-rc.read.1.tlog
C:\Users\Admin\documents\visual studio 2012\Projects\STevo_1\STevo_1\Debug\link.4724-rc.write.1.tlog
C:\Users\Admin\documents\visual studio 2012\Projects\STevo_1\STevo_1\Debug\link.4724.read.1.tlog
C:\Users\Admin\documents\visual studio 2012\Projects\STevo_1\STevo_1\Debug\link.4724.read.2.tlog
C:\Users\Admin\documents\visual studio 2012\Projects\STevo_1\STevo_1\Debug\link.4724.write.1.tlog
C:\Users\Admin\documents\visual studio 2012\Projects\STevo_1\STevo_1\Debug\link.4736-cvtres.read.1.tlog
C:\Users\Admin\documents\visual studio 2012\Projects\STevo_1\STevo_1\Debug\link.4736-cvtres.write.1.tlog
C:\Users\Admin\documents\visual studio 2012\Projects\STevo_1\STevo_1\Debug\link.4736-rc.read.1.tlog
C:\Users\Admin\documents\visual studio 2012\Projects\STevo_1\STevo_1\Debug\link.4736-rc.write.1.tlog
C:\Users\Admin\documents\visual studio 2012\Projects\STevo_1\STevo_1\Debug\link.4736.read.1.tlog
C:\Users\Admin\documents\visual studio 2012\Projects\STevo_1\STevo_1\Debug\link.4736.read.2.tlog
C:\Users\Admin\documents\visual studio 2012\Projects\STevo_1\STevo_1\Debug\link.4736.write.1.tlog
C:\Users\Admin\documents\visual studio 2012\Projects\STevo_1\STevo_1\Debug\link.4988-cvtres.read.1.tlog
C:\Users\Admin\documents\visual studio 2012\Projects\STevo_1\STevo_1\Debug\link.4988-cvtres.write.1.tlog
C:\Users\Admin\documents\visual studio 2012\Projects\STevo_1\STevo_1\Debug\link.4988-rc.read.1.tlog
C:\Users\Admin\documents\visual studio 2012\Projects\STevo_1\STevo_1\Debug\link.4988-rc.write.1.tlog
C:\Users\Admin\documents\visual studio 2012\Projects\STevo_1\STevo_1\Debug\link.4988.read.1.tlog
C:\Users\Admin\documents\visual studio 2012\Projects\STevo_1\STevo_1\Debug\link.4988.read.2.tlog
C:\Users\Admin\documents\visual studio 2012\Projects\STevo_1\STevo_1\Debug\link.4988.write.1.tlog
C:\Users\Admin\documents\visual studio 2012\Projects\STevo_1\STevo_1\Debug\link.5068-cvtres.read.1.tlog
C:\Users\Admin\documents\visual studio 2012\Projects\STevo_1\STevo_1\Debug\link.5068-cvtres.write.1.tlog
C:\Users\Admin\documents\visual studio 2012\Projects\STevo_1\STevo_1\Debug\link.5068-rc.read.1.tlog
C:\Users\Admin\documents\visual studio 2012\Projects\STevo_1\STevo_1\Debug\link.5068-rc.write.1.tlog
C:\Users\Admin\documents\visual studio 2012\Projects\STevo_1\STevo_1\Debug\link.5068.read.1.tlog
C:\Users\Admin\documents\visual studio 2012\Projects\STevo_1\STevo_1\Debug\link.5068.read.2.tlog
C:\Users\Admin\documents\visual studio 2012\Projects\STevo_1\STevo_1\Debug\link.5068.write.1.tlog
C:\Users\Admin\documents\visual studio 2012\Projects\STevo_1\STevo_1\Debug\link.5200-cvtres.read.1.tlog
C:\Users\Admin\documents\visual studio 2012\Projects\STevo_1\STevo_1\Debug\link.5200-cvtres.write.1.tlog
C:\Users\Admin\documents\visual studio 2012\Projects\STevo_1\STevo_1\Debug\link.5200-rc.read.1.tlog
C:\Users\Admin\documents\visual studio 2012\Projects\STevo_1\STevo_1\Debug\link.5200-rc.write.1.tlog
C:\Users\Admin\documents\visual studio 2012\Projects\STevo_1\STevo_1\Debug\link.5200.read.1.tlog
C:\Users\Admin\documents\visual studio 2012\Projects\STevo_1\STevo_1\Debug\link.5200.read.2.tlog
C:\Users\Admin\documents\visual studio 2012\Projects\STevo_1\STevo_1\Debug\link.5200.write.1.tlog
C:\Users\Admin\documents\visual studio 2012\Projects\STevo_1\STevo_1\Debug\link.5288-cvtres.read.1.tlog
C:\Users\Admin\documents\visual studio 2012\Projects\STevo_1\STevo_1\Debug\link.5288-cvtres.write.1.tlog
C:\Users\Admin\documents\visual studio 2012\Projects\STevo_1\STevo_1\Debug\link.5288-rc.read.1.tlog
C:\Users\Admin\documents\visual studio 2012\Projects\STevo_1\STevo_1\Debug\link.5288-rc.write.1.tlog
C:\Users\Admin\documents\visual studio 2012\Projects\STevo_1\STevo_1\Debug\link.5288.read.1.tlog
C:\Users\Admin\documents\visual studio 2012\Projects\STevo_1\STevo_1\Debug\link.5288.read.2.tlog
C:\Users\Admin\documents\visual studio 2012\Projects\STevo_1\STevo_1\Debug\link.5288.write.1.tlog
C:\Users\Admin\documents\visual studio 2012\Projects\STevo_1\STevo_1\Debug\link.5312-cvtres.read.1.tlog
C:\Users\Admin\documents\visual studio 2012\Projects\STevo_1\STevo_1\Debug\link.5312-cvtres.write.1.tlog
C:\Users\Admin\documents\visual studio 2012\Projects\STevo_1\STevo_1\Debug\link.5312-rc.read.1.tlog
C:\Users\Admin\documents\visual studio 2012\Projects\STevo_1\STevo_1\Debug\link.5312-rc.write.1.tlog
C:\Users\Admin\documents\visual studio 2012\Projects\STevo_1\STevo_1\Debug\link.5312.read.1.tlog
C:\Users\Admin\documents\visual studio 2012\Projects\STevo_1\STevo_1\Debug\link.5312.read.2.tlog
C:\Users\Admin\documents\visual studio 2012\Projects\STevo_1\STevo_1\Debug\link.5312.write.1.tlog
C:\Users\Admin\documents\visual studio 2012\Projects\STevo_1\STevo_1\Debug\link.5368-cvtres.read.1.tlog
C:\Users\Admin\documents\visual studio 2012\Projects\STevo_1\STevo_1\Debug\link.5368-cvtres.write.1.tlog
C:\Users\Admin\documents\visual studio 2012\Projects\STevo_1\STevo_1\Debug\link.5368-rc.read.1.tlog
C:\Users\Admin\documents\visual studio 2012\Projects\STevo_1\STevo_1\Debug\link.5368-rc.write.1.tlog
C:\Users\Admin\documents\visual studio 2012\Projects\STevo_1\STevo_1\Debug\link.5368.read.1.tlog
C:\Users\Admin\documents\visual studio 2012\Projects\STevo_1\STevo_1\Debug\link.5368.read.2.tlog
C:\Users\Admin\documents\visual studio 2012\Projects\STevo_1\STevo_1\Debug\link.5368.write.1.tlog
C:\Users\Admin\documents\visual studio 2012\Projects\STevo_1\STevo_1\Debug\link.5464-cvtres.read.1.tlog
C:\Users\Admin\documents\visual studio 2012\Projects\STevo_1\STevo_1\Debug\link.5464-cvtres.write.1.tlog
C:\Users\Admin\documents\visual studio 2012\Projects\STevo_1\STevo_1\Debug\link.5464-rc.read.1.tlog
C:\Users\Admin\documents\visual studio 2012\Projects\STevo_1\STevo_1\Debug\link.5464-rc.write.1.tlog
C:\Users\Admin\documents\visual studio 2012\Projects\STevo_1\STevo_1\Debug\link.5464.read.1.tlog
C:\Users\Admin\documents\visual studio 2012\Projects\STevo_1\STevo_1\Debug\link.5464.read.2.tlog
C:\Users\Admin\documents\visual studio 2012\Projects\STevo_1\STevo_1\Debug\link.5464.write.1.tlog
C:\Users\Admin\documents\visual studio 2012\Projects\STevo_1\STevo_1\Debug\link.5476-cvtres.read.1.tlog
C:\Users\Admin\documents\visual studio 2012\Projects\STevo_1\STevo_1\Debug\link.5476-cvtres.write.1.tlog
C:\Users\Admin\documents\visual studio 2012\Projects\STevo_1\STevo_1\Debug\link.5476-rc.read.1.tlog
C:\Users\Admin\documents\visual studio 2012\Projects\STevo_1\STevo_1\Debug\link.5476-rc.write.1.tlog
C:\Users\Admin\documents\visual studio 2012\Projects\STevo_1\STevo_1\Debug\link.5476.read.1.tlog
C:\Users\Admin\documents\visual studio 2012\Projects\STevo_1\STevo_1\Debug\link.5476.read.2.tlog
C:\Users\Admin\documents\visual studio 2012\Projects\STevo_1\STevo_1\Debug\link.5476.write.1.tlog
C:\Users\Admin\documents\visual studio 2012\Projects\STevo_1\STevo_1\Debug\link.5480-cvtres.read.1.tlog
C:\Users\Admin\documents\visual studio 2012\Projects\STevo_1\STevo_1\Debug\link.5480-cvtres.write.1.tlog
C:\Users\Admin\documents\visual studio 2012\Projects\STevo_1\STevo_1\Debug\link.5480-rc.read.1.tlog
C:\Users\Admin\documents\visual studio 2012\Projects\STevo_1\STevo_1\Debug\link.5480-rc.write.1.tlog
C:\Users\Admin\documents\visual studio 2012\Projects\STevo_1\STevo_1\Debug\link.5480.read.1.tlog
C:\Users\Admin\documents\visual studio 2012\Projects\STevo_1\STevo_1\Debug\link.5480.read.2.tlog
C:\Users\Admin\documents\visual studio 2012\Projects\STevo_1\STevo_1\Debug\link.5480.write.1.tlog
C:\Users\Admin\documents\visual studio 2012\Projects\STevo_1\STevo_1\Debug\link.5544-cvtres.read.1.tlog
C:\Users\Admin\documents\visual studio 2012\Projects\STevo_1\STevo_1\Debug\link.5544-cvtres.write.1.tlog
C:\Users\Admin\documents\visual studio 2012\Projects\STevo_1\STevo_1\Debug\link.5544-rc.read.1.tlog
C:\Users\Admin\documents\visual studio 2012\Projects\STevo_1\STevo_1\Debug\link.5544-rc.write.1.tlog
C:\Users\Admin\documents\visual studio 2012\Projects\STevo_1\STevo_1\Debug\link.5544.read.1.tlog
C:\Users\Admin\documents\visual studio 2012\Projects\STevo_1\STevo_1\Debug\link.5544.read.2.tlog
C:\Users\Admin\documents\visual studio 2012\Projects\STevo_1\STevo_1\Debug\link.5544.write.1.tlog
C:\Users\Admin\documents\visual studio 2012\Projects\STevo_1\STevo_1\Debug\link.5560-cvtres.read.1.tlog
C:\Users\Admin\documents\visual studio 2012\Projects\STevo_1\STevo_1\Debug\link.5560-cvtres.write.1.tlog
C:\Users\Admin\documents\visual studio 2012\Projects\STevo_1\STevo_1\Debug\link.5560-rc.read.1.tlog
C:\Users\Admin\documents\visual studio 2012\Projects\STevo_1\STevo_1\Debug\link.5560-rc.write.1.tlog
C:\Users\Admin\documents\visual studio 2012\Projects\STevo_1\STevo_1\Debug\link.5560.read.1.tlog
C:\Users\Admin\documents\visual studio 2012\Projects\STevo_1\STevo_1\Debug\link.5560.read.2.tlog
C:\Users\Admin\documents\visual studio 2012\Projects\STevo_1\STevo_1\Debug\link.5560.write.1.tlog
C:\Users\Admin\documents\visual studio 2012\Projects\STevo_1\STevo_1\Debug\link.5668-cvtres.read.1.tlog
C:\Users\Admin\documents\visual studio 2012\Projects\STevo_1\STevo_1\Debug\link.5668-cvtres.write.1.tlog
C:\Users\Admin\documents\visual studio 2012\Projects\STevo_1\STevo_1\Debug\link.5668-rc.read.1.tlog
C:\Users\Admin\documents\visual studio 2012\Projects\STevo_1\STevo_1\Debug\link.5668-rc.write.1.tlog
C:\Users\Admin\documents\visual studio 2012\Projects\STevo_1\STevo_1\Debug\link.5668.read.1.tlog
C:\Users\Admin\documents\visual studio 2012\Projects\STevo_1\STevo_1\Debug\link.5668.read.2.tlog
C:\Users\Admin\documents\visual studio 2012\Projects\STevo_1\STevo_1\Debug\link.5668.write.1.tlog
C:\Users\Admin\documents\visual studio 2012\Projects\STevo_1\STevo_1\Debug\link.5700-cvtres.read.1.tlog
C:\Users\Admin\documents\visual studio 2012\Projects\STevo_1\STevo_1\Debug\link.5700-cvtres.write.1.tlog
C:\Users\Admin\documents\visual studio 2012\Projects\STevo_1\STevo_1\Debug\link.5700-rc.read.1.tlog
C:\Users\Admin\documents\visual studio 2012\Projects\STevo_1\STevo_1\Debug\link.5700-rc.write.1.tlog
C:\Users\Admin\documents\visual studio 2012\Projects\STevo_1\STevo_1\Debug\link.5700.read.1.tlog
C:\Users\Admin\documents\visual studio 2012\Projects\STevo_1\STevo_1\Debug\link.5700.read.2.tlog
C:\Users\Admin\documents\visual studio 2012\Projects\STevo_1\STevo_1\Debug\link.5700.write.1.tlog
C:\Users\Admin\documents\visual studio 2012\Projects\STevo_1\STevo_1\Debug\link.5772-cvtres.read.1.tlog
C:\Users\Admin\documents\visual studio 2012\Projects\STevo_1\STevo_1\Debug\link.5772-cvtres.write.1.tlog
C:\Users\Admin\documents\visual studio 2012\Projects\STevo_1\STevo_1\Debug\link.5772-rc.read.1.tlog
C:\Users\Admin\documents\visual studio 2012\Projects\STevo_1\STevo_1\Debug\link.5772-rc.write.1.tlog
C:\Users\Admin\documents\visual studio 2012\Projects\STevo_1\STevo_1\Debug\link.5772.read.1.tlog
C:\Users\Admin\documents\visual studio 2012\Projects\STevo_1\STevo_1\Debug\link.5772.read.2.tlog
C:\Users\Admin\documents\visual studio 2012\Projects\STevo_1\STevo_1\Debug\link.5772.write.1.tlog
C:\Users\Admin\documents\visual studio 2012\Projects\STevo_1\STevo_1\Debug\link.5800-cvtres.read.1.tlog
C:\Users\Admin\documents\visual studio 2012\Projects\STevo_1\STevo_1\Debug\link.5800-cvtres.write.1.tlog
C:\Users\Admin\documents\visual studio 2012\Projects\STevo_1\STevo_1\Debug\link.5800-rc.read.1.tlog
C:\Users\Admin\documents\visual studio 2012\Projects\STevo_1\STevo_1\Debug\link.5800-rc.write.1.tlog
C:\Users\Admin\documents\visual studio 2012\Projects\STevo_1\STevo_1\Debug\link.5800.read.1.tlog
C:\Users\Admin\documents\visual studio 2012\Projects\STevo_1\STevo_1\Debug\link.5800.read.2.tlog
C:\Users\Admin\documents\visual studio 2012\Projects\STevo_1\STevo_1\Debug\link.5800.write.1.tlog
C:\Users\Admin\documents\visual studio 2012\Projects\STevo_1\STevo_1\Debug\link.5876-cvtres.read.1.tlog
C:\Users\Admin\documents\visual studio 2012\Projects\STevo_1\STevo_1\Debug\link.5876-cvtres.write.1.tlog
C:\Users\Admin\documents\visual studio 2012\Projects\STevo_1\STevo_1\Debug\link.5876-rc.read.1.tlog
C:\Users\Admin\documents\visual studio 2012\Projects\STevo_1\STevo_1\Debug\link.5876-rc.write.1.tlog
C:\Users\Admin\documents\visual studio 2012\Projects\STevo_1\STevo_1\Debug\link.5876.read.1.tlog
C:\Users\Admin\documents\visual studio 2012\Projects\STevo_1\STevo_1\Debug\link.5876.read.2.tlog
C:\Users\Admin\documents\visual studio 2012\Projects\STevo_1\STevo_1\Debug\link.5876.write.1.tlog
C:\Users\Admin\documents\visual studio 2012\Projects\STevo_1\STevo_1\Debug\link.6064-cvtres.read.1.tlog
C:\Users\Admin\documents\visual studio 2012\Projects\STevo_1\STevo_1\Debug\link.6064-cvtres.write.1.tlog
C:\Users\Admin\documents\visual studio 2012\Projects\STevo_1\STevo_1\Debug\link.6064-rc.read.1.tlog
C:\Users\Admin\documents\visual studio 2012\Projects\STevo_1\STevo_1\Debug\link.6064-rc.write.1.tlog
C:\Users\Admin\documents\visual studio 2012\Projects\STevo_1\STevo_1\Debug\link.6064.read.1.tlog
C:\Users\Admin\documents\visual studio 2012\Projects\STevo_1\STevo_1\Debug\link.6064.read.2.tlog
C:\Users\Admin\documents\visual studio 2012\Projects\STevo_1\STevo_1\Debug\link.6064.write.1.tlog
C:\Users\Admin\documents\visual studio 2012\Projects\STevo_1\STevo_1\Debug\link.6132-cvtres.read.1.tlog
C:\Users\Admin\documents\visual studio 2012\Projects\STevo_1\STevo_1\Debug\link.6132-cvtres.write.1.tlog
C:\Users\Admin\documents\visual studio 2012\Projects\STevo_1\STevo_1\Debug\link.6132-rc.read.1.tlog
C:\Users\Admin\documents\visual studio 2012\Projects\STevo_1\STevo_1\Debug\link.6132-rc.write.1.tlog
C:\Users\Admin\documents\visual studio 2012\Projects\STevo_1\STevo_1\Debug\link.6132.read.1.tlog
C:\Users\Admin\documents\visual studio 2012\Projects\STevo_1\STevo_1\Debug\link.6132.read.2.tlog
C:\Users\Admin\documents\visual studio 2012\Projects\STevo_1\STevo_1\Debug\link.6132.write.1.tlog
C:\Users\Admin\documents\visual studio 2012\Projects\STevo_1\STevo_1\Debug\link.6236-cvtres.read.1.tlog
C:\Users\Admin\documents\visual studio 2012\Projects\STevo_1\STevo_1\Debug\link.6236-cvtres.write.1.tlog
C:\Users\Admin\documents\visual studio 2012\Projects\STevo_1\STevo_1\Debug\link.6236-rc.read.1.tlog
C:\Users\Admin\documents\visual studio 2012\Projects\STevo_1\STevo_1\Debug\link.6236-rc.write.1.tlog
C:\Users\Admin\documents\visual studio 2012\Projects\STevo_1\STevo_1\Debug\link.6236.read.1.tlog
C:\Users\Admin\documents\visual studio 2012\Projects\STevo_1\STevo_1\Debug\link.6236.read.2.tlog
C:\Users\Admin\documents\visual studio 2012\Projects\STevo_1\STevo_1\Debug\link.6236.write.1.tlog
C:\Users\Admin\documents\visual studio 2012\Projects\STevo_1\STevo_1\Debug\link.6244-cvtres.read.1.tlog
C:\Users\Admin\documents\visual studio 2012\Projects\STevo_1\STevo_1\Debug\link.6244-cvtres.write.1.tlog
C:\Users\Admin\documents\visual studio 2012\Projects\STevo_1\STevo_1\Debug\link.6244-rc.read.1.tlog
C:\Users\Admin\documents\visual studio 2012\Projects\STevo_1\STevo_1\Debug\link.6244-rc.write.1.tlog
C:\Users\Admin\documents\visual studio 2012\Projects\STevo_1\STevo_1\Debug\link.6244.read.1.tlog
C:\Users\Admin\documents\visual studio 2012\Projects\STevo_1\STevo_1\Debug\link.6244.read.2.tlog
C:\Users\Admin\documents\visual studio 2012\Projects\STevo_1\STevo_1\Debug\link.6244.write.1.tlog
C:\Users\Admin\documents\visual studio 2012\Projects\STevo_1\STevo_1\Debug\link.6248-cvtres.read.1.tlog
C:\Users\Admin\documents\visual studio 2012\Projects\STevo_1\STevo_1\Debug\link.6248-cvtres.write.1.tlog
C:\Users\Admin\documents\visual studio 2012\Projects\STevo_1\STevo_1\Debug\link.6248-rc.read.1.tlog
C:\Users\Admin\documents\visual studio 2012\Projects\STevo_1\STevo_1\Debug\link.6248-rc.write.1.tlog
C:\Users\Admin\documents\visual studio 2012\Projects\STevo_1\STevo_1\Debug\link.6248.read.1.tlog
C:\Users\Admin\documents\visual studio 2012\Projects\STevo_1\STevo_1\Debug\link.6248.read.2.tlog
C:\Users\Admin\documents\visual studio 2012\Projects\STevo_1\STevo_1\Debug\link.6248.write.1.tlog
C:\Users\Admin\documents\visual studio 2012\Projects\STevo_1\STevo_1\Debug\link.6256-cvtres.read.1.tlog
C:\Users\Admin\documents\visual studio 2012\Projects\STevo_1\STevo_1\Debug\link.6256-cvtres.write.1.tlog
C:\Users\Admin\documents\visual studio 2012\Projects\STevo_1\STevo_1\Debug\link.6256-rc.read.1.tlog
C:\Users\Admin\documents\visual studio 2012\Projects\STevo_1\STevo_1\Debug\link.6256-rc.write.1.tlog
C:\Users\Admin\documents\visual studio 2012\Projects\STevo_1\STevo_1\Debug\link.6256.read.1.tlog
C:\Users\Admin\documents\visual studio 2012\Projects\STevo_1\STevo_1\Debug\link.6256.read.2.tlog
C:\Users\Admin\documents\visual studio 2012\Projects\STevo_1\STevo_1\Debug\link.6256.write.1.tlog
C:\Users\Admin\documents\visual studio 2012\Projects\STevo_1\STevo_1\Debug\link.6276-cvtres.read.1.tlog
C:\Users\Admin\documents\visual studio 2012\Projects\STevo_1\STevo_1\Debug\link.6276-cvtres.write.1.tlog
C:\Users\Admin\documents\visual studio 2012\Projects\STevo_1\STevo_1\Debug\link.6276-rc.read.1.tlog
C:\Users\Admin\documents\visual studio 2012\Projects\STevo_1\STevo_1\Debug\link.6276-rc.write.1.tlog
C:\Users\Admin\documents\visual studio 2012\Projects\STevo_1\STevo_1\Debug\link.6276.read.1.tlog
C:\Users\Admin\documents\visual studio 2012\Projects\STevo_1\STevo_1\Debug\link.6276.read.2.tlog
C:\Users\Admin\documents\visual studio 2012\Projects\STevo_1\STevo_1\Debug\link.6276.write.1.tlog
C:\Users\Admin\documents\visual studio 2012\Projects\STevo_1\STevo_1\Debug\link.6560-cvtres.read.1.tlog
C:\Users\Admin\documents\visual studio 2012\Projects\STevo_1\STevo_1\Debug\link.6560-cvtres.write.1.tlog
C:\Users\Admin\documents\visual studio 2012\Projects\STevo_1\STevo_1\Debug\link.6560-rc.read.1.tlog
C:\Users\Admin\documents\visual studio 2012\Projects\STevo_1\STevo_1\Debug\link.6560-rc.write.1.tlog
C:\Users\Admin\documents\visual studio 2012\Projects\STevo_1\STevo_1\Debug\link.6560.read.1.tlog
C:\Users\Admin\documents\visual studio 2012\Projects\STevo_1\STevo_1\Debug\link.6560.read.2.tlog
C:\Users\Admin\documents\visual studio 2012\Projects\STevo_1\STevo_1\Debug\link.6560.write.1.tlog
C:\Users\Admin\documents\visual studio 2012\Projects\STevo_1\STevo_1\Debug\link.6580-cvtres.read.1.tlog
C:\Users\Admin\documents\visual studio 2012\Projects\STevo_1\STevo_1\Debug\link.6580-cvtres.write.1.tlog
C:\Users\Admin\documents\visual studio 2012\Projects\STevo_1\STevo_1\Debug\link.6580-rc.read.1.tlog
C:\Users\Admin\documents\visual studio 2012\Projects\STevo_1\STevo_1\Debug\link.6580-rc.write.1.tlog
C:\Users\Admin\documents\visual studio 2012\Projects\STevo_1\STevo_1\Debug\link.6580.read.1.tlog
C:\Users\Admin\documents\visual studio 2012\Projects\STevo_1\STevo_1\Debug\link.6580.read.2.tlog
C:\Users\Admin\documents\visual studio 2012\Projects\STevo_1\STevo_1\Debug\link.6580.write.1.tlog
C:\Users\Admin\documents\visual studio 2012\Projects\STevo_1\STevo_1\Debug\link.660-cvtres.read.1.tlog
C:\Users\Admin\documents\visual studio 2012\Projects\STevo_1\STevo_1\Debug\link.660-cvtres.write.1.tlog
C:\Users\Admin\documents\visual studio 2012\Projects\STevo_1\STevo_1\Debug\link.660-rc.read.1.tlog
C:\Users\Admin\documents\visual studio 2012\Projects\STevo_1\STevo_1\Debug\link.660-rc.write.1.tlog
C:\Users\Admin\documents\visual studio 2012\Projects\STevo_1\STevo_1\Debug\link.660.read.1.tlog
C:\Users\Admin\documents\visual studio 2012\Projects\STevo_1\STevo_1\Debug\link.660.read.2.tlog
C:\Users\Admin\documents\visual studio 2012\Projects\STevo_1\STevo_1\Debug\link.660.write.1.tlog
C:\Users\Admin\documents\visual studio 2012\Projects\STevo_1\STevo_1\Debug\link.6652-cvtres.read.1.tlog
C:\Users\Admin\documents\visual studio 2012\Projects\STevo_1\STevo_1\Debug\link.6652-cvtres.write.1.tlog
C:\Users\Admin\documents\visual studio 2012\Projects\STevo_1\STevo_1\Debug\link.6652-rc.read.1.tlog
C:\Users\Admin\documents\visual studio 2012\Projects\STevo_1\STevo_1\Debug\link.6652-rc.write.1.tlog
C:\Users\Admin\documents\visual studio 2012\Projects\STevo_1\STevo_1\Debug\link.6652.read.1.tlog
C:\Users\Admin\documents\visual studio 2012\Projects\STevo_1\STevo_1\Debug\link.6652.read.2.tlog
C:\Users\Admin\documents\visual studio 2012\Projects\STevo_1\STevo_1\Debug\link.6652.write.1.tlog
C:\Users\Admin\documents\visual studio 2012\Projects\STevo_1\STevo_1\Debug\link.6732-cvtres.read.1.tlog
C:\Users\Admin\documents\visual studio 2012\Projects\STevo_1\STevo_1\Debug\link.6732-cvtres.write.1.tlog
C:\Users\Admin\documents\visual studio 2012\Projects\STevo_1\STevo_1\Debug\link.6732-rc.read.1.tlog
C:\Users\Admin\documents\visual studio 2012\Projects\STevo_1\STevo_1\Debug\link.6732-rc.write.1.tlog
C:\Users\Admin\documents\visual studio 2012\Projects\STevo_1\STevo_1\Debug\link.6732.read.1.tlog
C:\Users\Admin\documents\visual studio 2012\Projects\STevo_1\STevo_1\Debug\link.6732.read.2.tlog
C:\Users\Admin\documents\visual studio 2012\Projects\STevo_1\STevo_1\Debug\link.6732.write.1.tlog
C:\Users\Admin\documents\visual studio 2012\Projects\STevo_1\STevo_1\Debug\link.6840-cvtres.read.1.tlog
C:\Users\Admin\documents\visual studio 2012\Projects\STevo_1\STevo_1\Debug\link.6840-cvtres.write.1.tlog
C:\Users\Admin\documents\visual studio 2012\Projects\STevo_1\STevo_1\Debug\link.6840-rc.read.1.tlog
C:\Users\Admin\documents\visual studio 2012\Projects\STevo_1\STevo_1\Debug\link.6840-rc.write.1.tlog
C:\Users\Admin\documents\visual studio 2012\Projects\STevo_1\STevo_1\Debug\link.6840.read.1.tlog
C:\Users\Admin\documents\visual studio 2012\Projects\STevo_1\STevo_1\Debug\link.6840.read.2.tlog
C:\Users\Admin\documents\visual studio 2012\Projects\STevo_1\STevo_1\Debug\link.6840.write.1.tlog
C:\Users\Admin\documents\visual studio 2012\Projects\STevo_1\STevo_1\Debug\link.6852-cvtres.read.1.tlog
C:\Users\Admin\documents\visual studio 2012\Projects\STevo_1\STevo_1\Debug\link.6852-cvtres.write.1.tlog
C:\Users\Admin\documents\visual studio 2012\Projects\STevo_1\STevo_1\Debug\link.6852-rc.read.1.tlog
C:\Users\Admin\documents\visual studio 2012\Projects\STevo_1\STevo_1\Debug\link.6852-rc.write.1.tlog
C:\Users\Admin\documents\visual studio 2012\Projects\STevo_1\STevo_1\Debug\link.6852.read.1.tlog
C:\Users\Admin\documents\visual studio 2012\Projects\STevo_1\STevo_1\Debug\link.6852.read.2.tlog
C:\Users\Admin\documents\visual studio 2012\Projects\STevo_1\STevo_1\Debug\link.6852.write.1.tlog
C:\Users\Admin\documents\visual studio 2012\Projects\STevo_1\STevo_1\Debug\link.6880-cvtres.read.1.tlog
C:\Users\Admin\documents\visual studio 2012\Projects\STevo_1\STevo_1\Debug\link.6880-cvtres.write.1.tlog
C:\Users\Admin\documents\visual studio 2012\Projects\STevo_1\STevo_1\Debug\link.6880-rc.read.1.tlog
C:\Users\Admin\documents\visual studio 2012\Projects\STevo_1\STevo_1\Debug\link.6880-rc.write.1.tlog
C:\Users\Admin\documents\visual studio 2012\Projects\STevo_1\STevo_1\Debug\link.6880.read.1.tlog
C:\Users\Admin\documents\visual studio 2012\Projects\STevo_1\STevo_1\Debug\link.6880.read.2.tlog
C:\Users\Admin\documents\visual studio 2012\Projects\STevo_1\STevo_1\Debug\link.6880.write.1.tlog
C:\Users\Admin\documents\visual studio 2012\Projects\STevo_1\STevo_1\Debug\link.6936-cvtres.read.1.tlog
C:\Users\Admin\documents\visual studio 2012\Projects\STevo_1\STevo_1\Debug\link.6936-cvtres.write.1.tlog
C:\Users\Admin\documents\visual studio 2012\Projects\STevo_1\STevo_1\Debug\link.6936-rc.read.1.tlog
C:\Users\Admin\documents\visual studio 2012\Projects\STevo_1\STevo_1\Debug\link.6936-rc.write.1.tlog
C:\Users\Admin\documents\visual studio 2012\Projects\STevo_1\STevo_1\Debug\link.6936.read.1.tlog
C:\Users\Admin\documents\visual studio 2012\Projects\STevo_1\STevo_1\Debug\link.6936.read.2.tlog
C:\Users\Admin\documents\visual studio 2012\Projects\STevo_1\STevo_1\Debug\link.6936.write.1.tlog
C:\Users\Admin\documents\visual studio 2012\Projects\STevo_1\STevo_1\Debug\link.6960-cvtres.read.1.tlog
C:\Users\Admin\documents\visual studio 2012\Projects\STevo_1\STevo_1\Debug\link.6960-cvtres.write.1.tlog
C:\Users\Admin\documents\visual studio 2012\Projects\STevo_1\STevo_1\Debug\link.6960-rc.read.1.tlog
C:\Users\Admin\documents\visual studio 2012\Projects\STevo_1\STevo_1\Debug\link.6960-rc.write.1.tlog
C:\Users\Admin\documents\visual studio 2012\Projects\STevo_1\STevo_1\Debug\link.6960.read.1.tlog
C:\Users\Admin\documents\visual studio 2012\Projects\STevo_1\STevo_1\Debug\link.6960.read.2.tlog
C:\Users\Admin\documents\visual studio 2012\Projects\STevo_1\STevo_1\Debug\link.6960.write.1.tlog
C:\Users\Admin\documents\visual studio 2012\Projects\STevo_1\STevo_1\Debug\link.6976-cvtres.read.1.tlog
C:\Users\Admin\documents\visual studio 2012\Projects\STevo_1\STevo_1\Debug\link.6976-cvtres.write.1.tlog
C:\Users\Admin\documents\visual studio 2012\Projects\STevo_1\STevo_1\Debug\link.6976-rc.read.1.tlog
C:\Users\Admin\documents\visual studio 2012\Projects\STevo_1\STevo_1\Debug\link.6976-rc.write.1.tlog
C:\Users\Admin\documents\visual studio 2012\Projects\STevo_1\STevo_1\Debug\link.6976.read.1.tlog
C:\Users\Admin\documents\visual studio 2012\Projects\STevo_1\STevo_1\Debug\link.6976.read.2.tlog
C:\Users\Admin\documents\visual studio 2012\Projects\STevo_1\STevo_1\Debug\link.6976.write.1.tlog
C:\Users\Admin\documents\visual studio 2012\Projects\STevo_1\STevo_1\Debug\link.7032-cvtres.read.1.tlog
C:\Users\Admin\documents\visual studio 2012\Projects\STevo_1\STevo_1\Debug\link.7032-cvtres.write.1.tlog
C:\Users\Admin\documents\visual studio 2012\Projects\STevo_1\STevo_1\Debug\link.7032-rc.read.1.tlog
C:\Users\Admin\documents\visual studio 2012\Projects\STevo_1\STevo_1\Debug\link.7032-rc.write.1.tlog
C:\Users\Admin\documents\visual studio 2012\Projects\STevo_1\STevo_1\Debug\link.7032.read.1.tlog
C:\Users\Admin\documents\visual studio 2012\Projects\STevo_1\STevo_1\Debug\link.7032.read.2.tlog
C:\Users\Admin\documents\visual studio 2012\Projects\STevo_1\STevo_1\Debug\link.7032.write.1.tlog
C:\Users\Admin\documents\visual studio 2012\Projects\STevo_1\STevo_1\Debug\link.7056-cvtres.read.1.tlog
C:\Users\Admin\documents\visual studio 2012\Projects\STevo_1\STevo_1\Debug\link.7056-cvtres.write.1.tlog
C:\Users\Admin\documents\visual studio 2012\Projects\STevo_1\STevo_1\Debug\link.7056-rc.read.1.tlog
C:\Users\Admin\documents\visual studio 2012\Projects\STevo_1\STevo_1\Debug\link.7056-rc.write.1.tlog
C:\Users\Admin\documents\visual studio 2012\Projects\STevo_1\STevo_1\Debug\link.7056.read.1.tlog
C:\Users\Admin\documents\visual studio 2012\Projects\STevo_1\STevo_1\Debug\link.7056.read.2.tlog
C:\Users\Admin\documents\visual studio 2012\Projects\STevo_1\STevo_1\Debug\link.7056.write.1.tlog
C:\Users\Admin\documents\visual studio 2012\Projects\STevo_1\STevo_1\Debug\link.7092-cvtres.read.1.tlog
C:\Users\Admin\documents\visual studio 2012\Projects\STevo_1\STevo_1\Debug\link.7092-cvtres.write.1.tlog
C:\Users\Admin\documents\visual studio 2012\Projects\STevo_1\STevo_1\Debug\link.7092-rc.read.1.tlog
C:\Users\Admin\documents\visual studio 2012\Projects\STevo_1\STevo_1\Debug\link.7092-rc.write.1.tlog
C:\Users\Admin\documents\visual studio 2012\Projects\STevo_1\STevo_1\Debug\link.7092.read.1.tlog
C:\Users\Admin\documents\visual studio 2012\Projects\STevo_1\STevo_1\Debug\link.7092.read.2.tlog
C:\Users\Admin\documents\visual studio 2012\Projects\STevo_1\STevo_1\Debug\link.7092.write.1.tlog
C:\Users\Admin\documents\visual studio 2012\Projects\STevo_1\STevo_1\Debug\link.7140-cvtres.read.1.tlog
C:\Users\Admin\documents\visual studio 2012\Projects\STevo_1\STevo_1\Debug\link.7140-cvtres.write.1.tlog
C:\Users\Admin\documents\visual studio 2012\Projects\STevo_1\STevo_1\Debug\link.7140-rc.read.1.tlog
C:\Users\Admin\documents\visual studio 2012\Projects\STevo_1\STevo_1\Debug\link.7140-rc.write.1.tlog
C:\Users\Admin\documents\visual studio 2012\Projects\STevo_1\STevo_1\Debug\link.7140.read.1.tlog
C:\Users\Admin\documents\visual studio 2012\Projects\STevo_1\STevo_1\Debug\link.7140.read.2.tlog
C:\Users\Admin\documents\visual studio 2012\Projects\STevo_1\STevo_1\Debug\link.7140.write.1.tlog
C:\Users\Admin\documents\visual studio 2012\Projects\STevo_1\STevo_1\Debug\link.7348-cvtres.read.1.tlog
C:\Users\Admin\documents\visual studio 2012\Projects\STevo_1\STevo_1\Debug\link.7348-cvtres.write.1.tlog
C:\Users\Admin\documents\visual studio 2012\Projects\STevo_1\STevo_1\Debug\link.7348-rc.read.1.tlog
C:\Users\Admin\documents\visual studio 2012\Projects\STevo_1\STevo_1\Debug\link.7348-rc.write.1.tlog
C:\Users\Admin\documents\visual studio 2012\Projects\STevo_1\STevo_1\Debug\link.7348.read.1.tlog
C:\Users\Admin\documents\visual studio 2012\Projects\STevo_1\STevo_1\Debug\link.7348.read.2.tlog
C:\Users\Admin\documents\visual studio 2012\Projects\STevo_1\STevo_1\Debug\link.7348.write.1.tlog
C:\Users\Admin\documents\visual studio 2012\Projects\STevo_1\STevo_1\Debug\link.7476-cvtres.read.1.tlog
C:\Users\Admin\documents\visual studio 2012\Projects\STevo_1\STevo_1\Debug\link.7476-cvtres.write.1.tlog
C:\Users\Admin\documents\visual studio 2012\Projects\STevo_1\STevo_1\Debug\link.7476-rc.read.1.tlog
C:\Users\Admin\documents\visual studio 2012\Projects\STevo_1\STevo_1\Debug\link.7476-rc.write.1.tlog
C:\Users\Admin\documents\visual studio 2012\Projects\STevo_1\STevo_1\Debug\link.7476.read.1.tlog
C:\Users\Admin\documents\visual studio 2012\Projects\STevo_1\STevo_1\Debug\link.7476.read.2.tlog
C:\Users\Admin\documents\visual studio 2012\Projects\STevo_1\STevo_1\Debug\link.7476.write.1.tlog
C:\Users\Admin\documents\visual studio 2012\Projects\STevo_1\STevo_1\Debug\link.760-cvtres.read.1.tlog
C:\Users\Admin\documents\visual studio 2012\Projects\STevo_1\STevo_1\Debug\link.760-cvtres.write.1.tlog
C:\Users\Admin\documents\visual studio 2012\Projects\STevo_1\STevo_1\Debug\link.760-rc.read.1.tlog
C:\Users\Admin\documents\visual studio 2012\Projects\STevo_1\STevo_1\Debug\link.760-rc.write.1.tlog
C:\Users\Admin\documents\visual studio 2012\Projects\STevo_1\STevo_1\Debug\link.760.read.1.tlog
C:\Users\Admin\documents\visual studio 2012\Projects\STevo_1\STevo_1\Debug\link.760.read.2.tlog
C:\Users\Admin\documents\visual studio 2012\Projects\STevo_1\STevo_1\Debug\link.760.write.1.tlog
C:\Users\Admin\documents\visual studio 2012\Projects\STevo_1\STevo_1\Debug\link.7636-cvtres.read.1.tlog
C:\Users\Admin\documents\visual studio 2012\Projects\STevo_1\STevo_1\Debug\link.7636-cvtres.write.1.tlog
C:\Users\Admin\documents\visual studio 2012\Projects\STevo_1\STevo_1\Debug\link.7636-rc.read.1.tlog
C:\Users\Admin\documents\visual studio 2012\Projects\STevo_1\STevo_1\Debug\link.7636-rc.write.1.tlog
C:\Users\Admin\documents\visual studio 2012\Projects\STevo_1\STevo_1\Debug\link.7636.read.1.tlog
C:\Users\Admin\documents\visual studio 2012\Projects\STevo_1\STevo_1\Debug\link.7636.read.2.tlog
C:\Users\Admin\documents\visual studio 2012\Projects\STevo_1\STevo_1\Debug\link.7636.write.1.tlog
C:\Users\Admin\documents\visual studio 2012\Projects\STevo_1\STevo_1\Debug\link.764-cvtres.read.1.tlog
C:\Users\Admin\documents\visual studio 2012\Projects\STevo_1\STevo_1\Debug\link.764-cvtres.write.1.tlog
C:\Users\Admin\documents\visual studio 2012\Projects\STevo_1\STevo_1\Debug\link.764-rc.read.1.tlog
C:\Users\Admin\documents\visual studio 2012\Projects\STevo_1\STevo_1\Debug\link.764-rc.write.1.tlog
C:\Users\Admin\documents\visual studio 2012\Projects\STevo_1\STevo_1\Debug\link.764.read.1.tlog
C:\Users\Admin\documents\visual studio 2012\Projects\STevo_1\STevo_1\Debug\link.764.read.2.tlog
C:\Users\Admin\documents\visual studio 2012\Projects\STevo_1\STevo_1\Debug\link.764.write.1.tlog
C:\Users\Admin\documents\visual studio 2012\Projects\STevo_1\STevo_1\Debug\link.7924-cvtres.read.1.tlog
C:\Users\Admin\documents\visual studio 2012\Projects\STevo_1\STevo_1\Debug\link.7924-cvtres.write.1.tlog
C:\Users\Admin\documents\visual studio 2012\Projects\STevo_1\STevo_1\Debug\link.7924-rc.read.1.tlog
C:\Users\Admin\documents\visual studio 2012\Projects\STevo_1\STevo_1\Debug\link.7924-rc.write.1.tlog
C:\Users\Admin\documents\visual studio 2012\Projects\STevo_1\STevo_1\Debug\link.7924.read.1.tlog
C:\Users\Admin\documents\visual studio 2012\Projects\STevo_1\STevo_1\Debug\link.7924.read.2.tlog
C:\Users\Admin\documents\visual studio 2012\Projects\STevo_1\STevo_1\Debug\link.7924.write.1.tlog
C:\Users\Admin\documents\visual studio 2012\Projects\STevo_1\STevo_1\Debug\link.7972-cvtres.read.1.tlog
C:\Users\Admin\documents\visual studio 2012\Projects\STevo_1\STevo_1\Debug\link.7972-cvtres.write.1.tlog
C:\Users\Admin\documents\visual studio 2012\Projects\STevo_1\STevo_1\Debug\link.7972-rc.read.1.tlog
C:\Users\Admin\documents\visual studio 2012\Projects\STevo_1\STevo_1\Debug\link.7972-rc.write.1.tlog
C:\Users\Admin\documents\visual studio 2012\Projects\STevo_1\STevo_1\Debug\link.7972.read.1.tlog
C:\Users\Admin\documents\visual studio 2012\Projects\STevo_1\STevo_1\Debug\link.7972.read.2.tlog
C:\Users\Admin\documents\visual studio 2012\Projects\STevo_1\STevo_1\Debug\link.7972.write.1.tlog
C:\Users\Admin\documents\visual studio 2012\Projects\STevo_1\STevo_1\Debug\link.800-cvtres.read.1.tlog
C:\Users\Admin\documents\visual studio 2012\Projects\STevo_1\STevo_1\Debug\link.800-cvtres.write.1.tlog
C:\Users\Admin\documents\visual studio 2012\Projects\STevo_1\STevo_1\Debug\link.800-rc.read.1.tlog
C:\Users\Admin\documents\visual studio 2012\Projects\STevo_1\STevo_1\Debug\link.800-rc.write.1.tlog
C:\Users\Admin\documents\visual studio 2012\Projects\STevo_1\STevo_1\Debug\link.800.read.1.tlog
C:\Users\Admin\documents\visual studio 2012\Projects\STevo_1\STevo_1\Debug\link.800.write.1.tlog
C:\Users\Admin\documents\visual studio 2012\Projects\STevo_1\STevo_1\Debug\link.8068-cvtres.read.1.tlog
C:\Users\Admin\documents\visual studio 2012\Projects\STevo_1\STevo_1\Debug\link.8068-cvtres.write.1.tlog
C:\Users\Admin\documents\visual studio 2012\Projects\STevo_1\STevo_1\Debug\link.8068-rc.read.1.tlog
C:\Users\Admin\documents\visual studio 2012\Projects\STevo_1\STevo_1\Debug\link.8068-rc.write.1.tlog
C:\Users\Admin\documents\visual studio 2012\Projects\STevo_1\STevo_1\Debug\link.8068.read.1.tlog
C:\Users\Admin\documents\visual studio 2012\Projects\STevo_1\STevo_1\Debug\link.8068.read.2.tlog
C:\Users\Admin\documents\visual studio 2012\Projects\STevo_1\STevo_1\Debug\link.8068.write.1.tlog
C:\Users\Admin\documents\visual studio 2012\Projects\STevo_1\STevo_1\Debug\link.8080-cvtres.read.1.tlog
C:\Users\Admin\documents\visual studio 2012\Projects\STevo_1\STevo_1\Debug\link.8080-cvtres.write.1.tlog
C:\Users\Admin\documents\visual studio 2012\Projects\STevo_1\STevo_1\Debug\link.8080-rc.read.1.tlog
C:\Users\Admin\documents\visual studio 2012\Projects\STevo_1\STevo_1\Debug\link.8080-rc.write.1.tlog
C:\Users\Admin\documents\visual studio 2012\Projects\STevo_1\STevo_1\Debug\link.8080.read.1.tlog
C:\Users\Admin\documents\visual studio 2012\Projects\STevo_1\STevo_1\Debug\link.8080.read.2.tlog
C:\Users\Admin\documents\visual studio 2012\Projects\STevo_1\STevo_1\Debug\link.8080.write.1.tlog
C:\Users\Admin\documents\visual studio 2012\Projects\STevo_1\STevo_1\Debug\link.8096-cvtres.read.1.tlog
C:\Users\Admin\documents\visual studio 2012\Projects\STevo_1\STevo_1\Debug\link.8096-cvtres.write.1.tlog
C:\Users\Admin\documents\visual studio 2012\Projects\STevo_1\STevo_1\Debug\link.8096-rc.read.1.tlog
C:\Users\Admin\documents\visual studio 2012\Projects\STevo_1\STevo_1\Debug\link.8096-rc.write.1.tlog
C:\Users\Admin\documents\visual studio 2012\Projects\STevo_1\STevo_1\Debug\link.8096.read.1.tlog
C:\Users\Admin\documents\visual studio 2012\Projects\STevo_1\STevo_1\Debug\link.8096.read.2.tlog
C:\Users\Admin\documents\visual studio 2012\Projects\STevo_1\STevo_1\Debug\link.8096.write.1.tlog
C:\Users\Admin\documents\visual studio 2012\Projects\STevo_1\STevo_1\Debug\link.824-cvtres.read.1.tlog
C:\Users\Admin\documents\visual studio 2012\Projects\STevo_1\STevo_1\Debug\link.824-cvtres.write.1.tlog
C:\Users\Admin\documents\visual studio 2012\Projects\STevo_1\STevo_1\Debug\link.824-rc.read.1.tlog
C:\Users\Admin\documents\visual studio 2012\Projects\STevo_1\STevo_1\Debug\link.824-rc.write.1.tlog
C:\Users\Admin\documents\visual studio 2012\Projects\STevo_1\STevo_1\Debug\link.824.read.1.tlog
C:\Users\Admin\documents\visual studio 2012\Projects\STevo_1\STevo_1\Debug\link.824.read.2.tlog
C:\Users\Admin\documents\visual studio 2012\Projects\STevo_1\STevo_1\Debug\link.824.write.1.tlog
C:\Users\Admin\documents\visual studio 2012\Projects\STevo_1\STevo_1\Debug\link.916-cvtres.read.1.tlog
C:\Users\Admin\documents\visual studio 2012\Projects\STevo_1\STevo_1\Debug\link.916-cvtres.write.1.tlog
C:\Users\Admin\documents\visual studio 2012\Projects\STevo_1\STevo_1\Debug\link.916-rc.read.1.tlog
C:\Users\Admin\documents\visual studio 2012\Projects\STevo_1\STevo_1\Debug\link.916-rc.write.1.tlog
C:\Users\Admin\documents\visual studio 2012\Projects\STevo_1\STevo_1\Debug\link.916.read.1.tlog
C:\Users\Admin\documents\visual studio 2012\Projects\STevo_1\STevo_1\Debug\link.916.read.2.tlog
C:\Users\Admin\documents\visual studio 2012\Projects\STevo_1\STevo_1\Debug\link.916.write.1.tlog
C:\Users\Admin\documents\visual studio 2012\Projects\STevo_1\STevo_1\Debug\link.command.1.tlog
C:\Users\Admin\documents\visual studio 2012\Projects\STevo_1\STevo_1\Debug\link.read.1.tlog
C:\Users\Admin\documents\visual studio 2012\Projects\STevo_1\STevo_1\Debug\link.write.1.tlog
C:\Users\Admin\documents\visual studio 2012\Projects\STevo_1\STevo_1\Debug\metagen.read.1.tlog
C:\Users\Admin\documents\visual studio 2012\Projects\STevo_1\STevo_1\Debug\metagen.write.1.tlog
C:\Users\Admin\documents\visual studio 2012\Projects\STevo_1\STevo_1\Debug\STevo_1.write.1.tlog
C:\Users\Admin\documents\visual studio 2012\Projects\STevo_1\STevo_1\Debug\vc110.pdb
C:\Users\Admin\documents\visual studio 2012\Projects\STevo_1\STevo_1\Debug\TZRES.DLL.bi
C:\Users\Admin\documents\visual studio 2012\Projects\STevo_1\Debug\STevo_1.pdb
C:\Users\Admin\documents\visual studio 2012\Projects\STevo_1\Debug\STevo_1.exe
C:\Users\Admin\documents\visual studio 2012\Projects\STevo_1\Debug\STevo_1.ilk
